<?xml version="1.0" encoding="UTF-8"?>
<!-- Generated by org.testng.reporters.JUnitReportReporter -->
<testsuite hostname="Goverdhans-MacBook-Pro.local" failures="0" tests="1" name="MyRunner.TestRunner_Test" time="22.700" errors="1" timestamp="20 Sep 2022 07:12:50 GMT" skipped="0">
  <testcase classname="MyRunner.TestRunner_Test" name="runScenario" time="22.700">
    <error message="session not created: This version of ChromeDriver only supports Chrome version 95
Current browser version is 105.0.5195.125 with binary path /Applications/Google Chrome.app/Contents/MacOS/Google Chrome
Build info: version: &#039;3.141.59&#039;, revision: &#039;e82be7d358&#039;, time: &#039;2018-11-14T08:17:03&#039;
System info: host: &#039;Goverdhans-MacBook-Pro.local&#039;, ip: &#039;fe80:0:0:0:43:29b8:2feb:cff4%en0&#039;, os.name: &#039;Mac OS X&#039;, os.arch: &#039;x86_64&#039;, os.version: &#039;12.6&#039;, java.version: &#039;17.0.2&#039;
Driver info: driver.version: ChromeDriver
remote stacktrace: 0   chromedriver                        0x00000001049dabc9 __gxx_personality_v0 + 573977
1   chromedriver                        0x00000001049679a3 __gxx_personality_v0 + 102387
2   chromedriver                        0x0000000104529488 chromedriver + 173192
3   chromedriver                        0x000000010454fcf0 chromedriver + 330992
4   chromedriver                        0x000000010454b7d1 chromedriver + 313297
5   chromedriver                        0x00000001045482c9 chromedriver + 299721
6   chromedriver                        0x0000000104581ccb chromedriver + 535755
7   chromedriver                        0x000000010457ba73 chromedriver + 510579
8   chromedriver                        0x00000001045520e0 chromedriver + 340192
9   chromedriver                        0x0000000104553345 chromedriver + 344901
10  chromedriver                        0x0000000104997d5f __gxx_personality_v0 + 299951
11  chromedriver                        0x00000001049ae8db __gxx_personality_v0 + 393003
12  chromedriver                        0x00000001049b485f __gxx_personality_v0 + 417455
13  chromedriver                        0x00000001049b000a __gxx_personality_v0 + 398938
14  chromedriver                        0x000000010498c95c __gxx_personality_v0 + 253868
15  chromedriver                        0x00000001049cb198 __gxx_personality_v0 + 509928
16  chromedriver                        0x00000001049cb321 __gxx_personality_v0 + 510321
17  chromedriver                        0x00000001049e2108 __gxx_personality_v0 + 603992
18  libsystem_pthread.dylib             0x00007ff80d8154e1 _pthread_start + 125
19  libsystem_pthread.dylib             0x00007ff80d810f6b thread_start + 15
" type="org.openqa.selenium.SessionNotCreatedException">
      <![CDATA[org.openqa.selenium.SessionNotCreatedException: session not created: This version of ChromeDriver only supports Chrome version 95
Current browser version is 105.0.5195.125 with binary path /Applications/Google Chrome.app/Contents/MacOS/Google Chrome
Build info: version: '3.141.59', revision: 'e82be7d358', time: '2018-11-14T08:17:03'
System info: host: 'Goverdhans-MacBook-Pro.local', ip: 'fe80:0:0:0:43:29b8:2feb:cff4%en0', os.name: 'Mac OS X', os.arch: 'x86_64', os.version: '12.6', java.version: '17.0.2'
Driver info: driver.version: ChromeDriver
remote stacktrace: 0   chromedriver                        0x00000001049dabc9 __gxx_personality_v0 + 573977
1   chromedriver                        0x00000001049679a3 __gxx_personality_v0 + 102387
2   chromedriver                        0x0000000104529488 chromedriver + 173192
3   chromedriver                        0x000000010454fcf0 chromedriver + 330992
4   chromedriver                        0x000000010454b7d1 chromedriver + 313297
5   chromedriver                        0x00000001045482c9 chromedriver + 299721
6   chromedriver                        0x0000000104581ccb chromedriver + 535755
7   chromedriver                        0x000000010457ba73 chromedriver + 510579
8   chromedriver                        0x00000001045520e0 chromedriver + 340192
9   chromedriver                        0x0000000104553345 chromedriver + 344901
10  chromedriver                        0x0000000104997d5f __gxx_personality_v0 + 299951
11  chromedriver                        0x00000001049ae8db __gxx_personality_v0 + 393003
12  chromedriver                        0x00000001049b485f __gxx_personality_v0 + 417455
13  chromedriver                        0x00000001049b000a __gxx_personality_v0 + 398938
14  chromedriver                        0x000000010498c95c __gxx_personality_v0 + 253868
15  chromedriver                        0x00000001049cb198 __gxx_personality_v0 + 509928
16  chromedriver                        0x00000001049cb321 __gxx_personality_v0 + 510321
17  chromedriver                        0x00000001049e2108 __gxx_personality_v0 + 603992
18  libsystem_pthread.dylib             0x00007ff80d8154e1 _pthread_start + 125
19  libsystem_pthread.dylib             0x00007ff80d810f6b thread_start + 15

at java.base/jdk.internal.reflect.NativeConstructorAccessorImpl.newInstance0(Native Method)
at java.base/jdk.internal.reflect.NativeConstructorAccessorImpl.newInstance(NativeConstructorAccessorImpl.java:77)
at java.base/jdk.internal.reflect.DelegatingConstructorAccessorImpl.newInstance(DelegatingConstructorAccessorImpl.java:45)
at java.base/java.lang.reflect.Constructor.newInstanceWithCaller(Constructor.java:499)
at java.base/java.lang.reflect.Constructor.newInstance(Constructor.java:480)
at org.openqa.selenium.remote.W3CHandshakeResponse.lambda$errorHandler$0(W3CHandshakeResponse.java:62)
at org.openqa.selenium.remote.HandshakeResponse.lambda$getResponseFunction$0(HandshakeResponse.java:30)
at org.openqa.selenium.remote.ProtocolHandshake.lambda$createSession$0(ProtocolHandshake.java:126)
at java.base/java.util.stream.ReferencePipeline$3$1.accept(ReferencePipeline.java:197)
at java.base/java.util.Spliterators$ArraySpliterator.tryAdvance(Spliterators.java:1002)
at java.base/java.util.stream.ReferencePipeline.forEachWithCancel(ReferencePipeline.java:129)
at java.base/java.util.stream.AbstractPipeline.copyIntoWithCancel(AbstractPipeline.java:527)
at java.base/java.util.stream.AbstractPipeline.copyInto(AbstractPipeline.java:513)
at java.base/java.util.stream.AbstractPipeline.wrapAndCopyInto(AbstractPipeline.java:499)
at java.base/java.util.stream.FindOps$FindOp.evaluateSequential(FindOps.java:150)
at java.base/java.util.stream.AbstractPipeline.evaluate(AbstractPipeline.java:234)
at java.base/java.util.stream.ReferencePipeline.findFirst(ReferencePipeline.java:647)
at org.openqa.selenium.remote.ProtocolHandshake.createSession(ProtocolHandshake.java:128)
at org.openqa.selenium.remote.ProtocolHandshake.createSession(ProtocolHandshake.java:74)
at org.openqa.selenium.remote.HttpCommandExecutor.execute(HttpCommandExecutor.java:136)
at org.openqa.selenium.remote.service.DriverCommandExecutor.execute(DriverCommandExecutor.java:83)
at org.openqa.selenium.remote.RemoteWebDriver.execute(RemoteWebDriver.java:552)
at org.openqa.selenium.remote.RemoteWebDriver.startSession(RemoteWebDriver.java:213)
at org.openqa.selenium.remote.RemoteWebDriver.<init>(RemoteWebDriver.java:131)
at org.openqa.selenium.chrome.ChromeDriver.<init>(ChromeDriver.java:181)
at org.openqa.selenium.chrome.ChromeDriver.<init>(ChromeDriver.java:168)
at org.openqa.selenium.chrome.ChromeDriver.<init>(ChromeDriver.java:157)
at stepDefinitions.stepDefs.start_the_test(stepDefs.java:43)
at âœ½.Start the Test(file:///Users/goverdhanreddygarudaiah/Documents/git/TestNGDemo/src/main/java/Feature_Test/SampleTest.feature:4)
]]>
    </error>
  </testcase> <!-- runScenario -->
</testsuite> <!-- MyRunner.TestRunner_Test -->
